<?xml version="1.0" encoding="UTF-8"?>
<!-- Generated by org.testng.reporters.JUnitXMLReporter -->
<testsuite ignored="2" hostname="TYSS-Anjali" failures="0" tests="6" name="Test-firefox" time="54.205" errors="0" timestamp="2024-07-07T22:24:11 IST">
  <testcase classname="com.crm.comcast.contactTest.CreateContactTest" name="createContact" time="7.863"/>
  <testcase classname="com.crm.comcast.orgTest.CreateOrgTest" name="createOrg" time="8.405"/>
  <testcase classname="com.crm.comcast.orgTest.CreateOrgTest" name="createOrgWithIndustry" time="9.317"/>
  <testcase classname="com.crm.comcast.contactTest.CreateContactTest" name="createContactWIthOrgTest" time="17.495"/>
  <testcase classname="com.crm.comcast.orgTest.CreateOrgTest" name="createOrgWithPhoneNum" time="8.746"/>
  <testcase classname="com.crm.comcast.contactTest.CreateContactTest" name="createContactWithDate" time="13.049"/>
  <testcase classname="com.crm.generic.baseUtility.BaseClass" name="@AfterSuite configAS" time="0.0">
    <ignored/>
  </testcase> <!-- @AfterSuite configAS -->
  <testcase classname="com.crm.generic.baseUtility.BaseClass" name="@BeforeSuite configBS" time="0.0">
    <ignored/>
  </testcase> <!-- @BeforeSuite configBS -->
</testsuite> <!-- Test-firefox -->
