<?xml version="1.0" encoding="UTF-8"?>
<!-- Generated by org.testng.reporters.JUnitXMLReporter -->
<testsuite ignored="2" hostname="TYSS-Anjali" failures="0" tests="6" name="Test-chrome" time="50.538" errors="0" timestamp="2024-07-07T22:23:17 IST">
  <testcase classname="com.crm.comcast.orgTest.CreateOrgTest" name="createOrg" time="7.564"/>
  <testcase classname="com.crm.comcast.contactTest.CreateContactTest" name="createContact" time="7.662"/>
  <testcase classname="com.crm.comcast.orgTest.CreateOrgTest" name="createOrgWithIndustry" time="8.447"/>
  <testcase classname="com.crm.comcast.contactTest.CreateContactTest" name="createContactWIthOrgTest" time="16.428"/>
  <testcase classname="com.crm.comcast.orgTest.CreateOrgTest" name="createOrgWithPhoneNum" time="8.071"/>
  <testcase classname="com.crm.comcast.contactTest.CreateContactTest" name="createContactWithDate" time="12.411"/>
  <testcase classname="com.crm.generic.baseUtility.BaseClass" name="@AfterSuite configAS" time="0.0">
    <ignored/>
  </testcase> <!-- @AfterSuite configAS -->
  <testcase classname="com.crm.generic.baseUtility.BaseClass" name="@BeforeSuite configBS" time="0.0">
    <ignored/>
  </testcase> <!-- @BeforeSuite configBS -->
</testsuite> <!-- Test-chrome -->
