<?xml version="1.0" encoding="UTF-8"?>
<!-- Generated by org.testng.reporters.JUnitReportReporter -->
<testsuite hostname="TYSS-Anjali" failures="0" tests="1" name="practice.pom.repository.SampleTestWIthPom" time="8.456" errors="0" timestamp="2024-06-30T17:32:36 IST" skipped="0">
  <testcase classname="practice.pom.repository.SampleTestWIthPom" name="sampleTest" time="8.456"/>
  <system-out/>
</testsuite> <!-- practice.pom.repository.SampleTestWIthPom -->
