<?xml version="1.0" encoding="UTF-8"?>
<!-- Generated by org.testng.reporters.JUnitReportReporter -->
<testsuite hostname="TYSS-Anjali" failures="0" tests="3" name="practice.testNG.CreateContactUsingDPDynamically" time="24.252" errors="0" timestamp="2024-07-12T13:20:23 IST" skipped="0">
  <testcase classname="practice.testNG.CreateContactUsingDPDynamically" name="getProductInfoTest" time="9.107"/>
  <system-out/>
  <testcase classname="practice.testNG.CreateContactUsingDPDynamically" name="getProductInfoTest" time="7.473"/>
  <system-out/>
  <testcase classname="practice.testNG.CreateContactUsingDPDynamically" name="getProductInfoTest" time="7.672"/>
  <system-out/>
</testsuite> <!-- practice.testNG.CreateContactUsingDPDynamically -->
