<?xml version="1.0" encoding="UTF-8"?>
<!-- Generated by org.testng.reporters.JUnitReportReporter -->
<testsuite hostname="TYSS-Anjali" failures="0" tests="3" name="com.crm.comcast.contactTest.CreateContactWIthAssertTest" time="80.651" errors="0" timestamp="2024-07-12T14:19:02 IST" skipped="0">
  <testcase classname="com.crm.comcast.contactTest.CreateContactWIthAssertTest" name="createContactWIthOrgTest" time="35.232"/>
  <system-out/>
  <testcase classname="com.crm.comcast.contactTest.CreateContactWIthAssertTest" name="createContactWithDate" time="25.801"/>
  <system-out/>
  <testcase classname="com.crm.comcast.contactTest.CreateContactWIthAssertTest" name="createContact" time="19.618"/>
  <system-out/>
</testsuite> <!-- com.crm.comcast.contactTest.CreateContactWIthAssertTest -->
