<?xml version="1.0" encoding="UTF-8"?>
<!-- Generated by org.testng.reporters.JUnitReportReporter -->
<testsuite hostname="TYSS-Anjali" failures="0" tests="3" name="practice.testNG.GetProductInfo" time="15.085" errors="0" timestamp="2024-07-06T15:35:17 IST" skipped="0">
  <testcase classname="practice.testNG.GetProductInfo" name="getProductInfoTest" time="5.296"/>
  <system-out/>
  <testcase classname="practice.testNG.GetProductInfo" name="getProductInfoTest" time="4.985"/>
  <system-out/>
  <testcase classname="practice.testNG.GetProductInfo" name="getProductInfoTest" time="4.804"/>
  <system-out/>
</testsuite> <!-- practice.testNG.GetProductInfo -->
