<?xml version="1.0" encoding="UTF-8"?>
<!-- Generated by org.testng.reporters.JUnitReportReporter -->
<testsuite hostname="TYSS-Anjali" failures="0" tests="3" name="practice.testNG.CreateContactWithPhoneNumberUsingDP" time="0.023" errors="0" timestamp="2024-07-03T17:06:34 IST" skipped="0">
  <testcase classname="practice.testNG.CreateContactWithPhoneNumberUsingDP" name="createContactTest" time="0.019"/>
  <system-out/>
  <testcase classname="practice.testNG.CreateContactWithPhoneNumberUsingDP" name="createContactTest" time="0.002"/>
  <system-out/>
  <testcase classname="practice.testNG.CreateContactWithPhoneNumberUsingDP" name="createContactTest" time="0.002"/>
  <system-out/>
</testsuite> <!-- practice.testNG.CreateContactWithPhoneNumberUsingDP -->
