<?xml version="1.0" encoding="UTF-8"?>
<!-- Generated by org.testng.reporters.JUnitReportReporter -->
<testsuite hostname="TYSS-Anjali" failures="0" tests="1" name="com.crm.comcast.orgTest.CreateOrgWithExtentReport" time="9.447" errors="0" timestamp="2024-07-12T12:42:28 IST" skipped="0">
  <testcase classname="com.crm.comcast.orgTest.CreateOrgWithExtentReport" name="createOrg" time="9.447"/>
  <system-out/>
</testsuite> <!-- com.crm.comcast.orgTest.CreateOrgWithExtentReport -->
