<?xml version="1.0" encoding="UTF-8"?>
<!-- Generated by org.testng.reporters.JUnitReportReporter -->
<testsuite hostname="TYSS-Anjali" failures="0" tests="1" name="com.crm.comcast.orgTest.CreateOrgTest" time="108.673" errors="0" timestamp="2024-07-12T14:55:16 IST" skipped="0">
  <testcase classname="com.crm.comcast.orgTest.CreateOrgTest" name="createOrg" time="108.673"/>
  <system-out/>
</testsuite> <!-- com.crm.comcast.orgTest.CreateOrgTest -->
