<?xml version="1.0" encoding="UTF-8"?>
<!-- Generated by org.testng.reporters.JUnitReportReporter -->
<testsuite hostname="TYSS-Anjali" failures="0" tests="1" name="practice.testNG.SampleExtentReportTest" time="22.085" errors="0" timestamp="2024-07-08T11:19:41 IST" skipped="0">
  <testcase classname="practice.testNG.SampleExtentReportTest" name="createOrg" time="22.085"/>
  <system-out/>
</testsuite> <!-- practice.testNG.SampleExtentReportTest -->
