<?xml version="1.0" encoding="UTF-8"?>
<!-- Generated by org.testng.reporters.JUnitReportReporter -->
<testsuite hostname="TYSS-Anjali" failures="0" tests="1" name="practice.pom.repository.CreateOrgWithPomTest" time="23.355" errors="0" timestamp="2024-06-30T18:42:32 IST" skipped="0">
  <testcase classname="practice.pom.repository.CreateOrgWithPomTest" name="createOrgTest" time="23.355"/>
  <system-out/>
</testsuite> <!-- practice.pom.repository.CreateOrgWithPomTest -->
