<?xml version="1.0" encoding="UTF-8"?>
<!-- Generated by org.testng.reporters.JUnitReportReporter -->
<testsuite hostname="TYSS-Anjali" failures="0" tests="1" name="practice.ToCheckExpectedDataInDBFromBackEnd" time="0.555" errors="0" timestamp="2024-06-26T12:14:18 IST" skipped="0">
  <testcase classname="practice.ToCheckExpectedDataInDBFromBackEnd" name="projectCheckTest" time="0.555"/>
  <system-out/>
</testsuite> <!-- practice.ToCheckExpectedDataInDBFromBackEnd -->
