<?xml version="1.0" encoding="UTF-8"?>
<!-- Generated by org.testng.reporters.JUnitReportReporter -->
<testsuite hostname="TYSS-Anjali" failures="0" tests="3" name="com.crm.comcast.orgTest.CreateOrgWithAssertionTest" time="59.345" errors="0" timestamp="2024-07-08T09:25:14 IST" skipped="0">
  <testcase classname="com.crm.comcast.orgTest.CreateOrgWithAssertionTest" name="createOrgWithPhoneNum" time="18.732"/>
  <system-out/>
  <testcase classname="com.crm.comcast.orgTest.CreateOrgWithAssertionTest" name="createOrgWithIndustry" time="20.159"/>
  <system-out/>
  <testcase classname="com.crm.comcast.orgTest.CreateOrgWithAssertionTest" name="createOrg" time="20.454"/>
  <system-out/>
</testsuite> <!-- com.crm.comcast.orgTest.CreateOrgWithAssertionTest -->
