<?xml version="1.0" encoding="UTF-8"?>
<!-- Generated by org.testng.reporters.JUnitReportReporter -->
<testsuite hostname="TYSS-Anjali" failures="0" tests="3" name="practice.testNG.CreateContactUsingDataProvider" time="0.030" errors="0" timestamp="2024-07-03T17:02:04 IST" skipped="0">
  <testcase classname="practice.testNG.CreateContactUsingDataProvider" name="createContactTest" time="0.003"/>
  <system-out/>
  <testcase classname="practice.testNG.CreateContactUsingDataProvider" name="createContactTest" time="0.024"/>
  <system-out/>
  <testcase classname="practice.testNG.CreateContactUsingDataProvider" name="createContactTest" time="0.003"/>
  <system-out/>
</testsuite> <!-- practice.testNG.CreateContactUsingDataProvider -->
