<?xml version="1.0" encoding="UTF-8"?>
<!-- Generated by org.testng.reporters.JUnitReportReporter -->
<testsuite hostname="TYSS-Anjali" failures="0" tests="1" name="com.crm.comcast.contactTest.CreateContactWithAssertionTest" time="10.658" errors="0" timestamp="2024-07-07T22:36:09 IST" skipped="0">
  <testcase classname="com.crm.comcast.contactTest.CreateContactWithAssertionTest" name="createContact" time="10.658"/>
  <system-out/>
</testsuite> <!-- com.crm.comcast.contactTest.CreateContactWithAssertionTest -->
