<?xml version="1.0" encoding="UTF-8"?>
<!-- Generated by org.testng.reporters.JUnitReportReporter -->
<testsuite hostname="TYSS-Anjali" failures="0" tests="1" name="practice.ToReadDataFromXMLFileTestNGTest" time="25.658" errors="0" timestamp="2024-06-26T10:29:05 IST" skipped="0">
  <testcase classname="practice.ToReadDataFromXMLFileTestNGTest" name="createOrgTest" time="25.658"/>
  <system-out/>
</testsuite> <!-- practice.ToReadDataFromXMLFileTestNGTest -->
