<?xml version="1.0" encoding="UTF-8"?>
<!-- Generated by org.testng.reporters.JUnitReportReporter -->
<testsuite hostname="TYSS-Anjali" failures="0" tests="2" name="practice.testNG.CreateContactTest" time="0.020" errors="0" timestamp="2024-07-03T17:50:42 IST" skipped="0">
  <testcase classname="practice.testNG.CreateContactTest" name="createContactWithSupportDate" time="0.005"/>
  <system-out/>
  <testcase classname="practice.testNG.CreateContactTest" name="createContact" time="0.015"/>
  <system-out/>
</testsuite> <!-- practice.testNG.CreateContactTest -->
